\BOOKMARK [0][-]{section*.1}{\376\377\144\130\211\201}{}% 1
\BOOKMARK [0][-]{section*.3}{\376\377\000\101\000\102\000\123\000\124\000\122\000\101\000\103\000\124}{}% 2
\BOOKMARK [0][-]{section*.5}{\376\377\143\322\126\376\175\042\137\025}{}% 3
\BOOKMARK [0][-]{section*.7}{\376\377\210\150\150\074\175\042\137\025}{}% 4
\BOOKMARK [0][-]{section*.9}{\376\377\173\046\123\367\133\371\161\147\210\150}{}% 5
\BOOKMARK [0][-]{section*.11}{\376\377\177\051\165\145\213\355\133\371\161\147\210\150}{}% 6
\BOOKMARK [0][-]{chapter.1}{\376\377\173\054\116\000\172\340\000\040\000\040\176\352\213\272}{}% 7
\BOOKMARK [1][-]{section.1.1}{\376\377\000\061\000\056\000\061\170\024\172\166\200\314\146\157\123\312\141\017\116\111}{chapter.1}% 8
\BOOKMARK [1][-]{section.1.2}{\376\377\000\061\000\056\000\062\170\024\172\166\163\260\162\266}{chapter.1}% 9
\BOOKMARK [0][-]{chapter.2}{\376\377\173\054\116\214\172\340\000\040\000\040\133\127\121\170\133\146\116\140\145\271\154\325}{}% 10
\BOOKMARK [1][-]{section.2.1}{\376\377\000\062\000\056\000\061\133\127\121\170\133\146\116\140}{chapter.2}% 11
\BOOKMARK [1][-]{section.2.2}{\376\377\000\062\000\056\000\062\200\046\124\010\133\127\121\170\133\146\116\140}{chapter.2}% 12
\BOOKMARK [1][-]{section.2.3}{\376\377\000\062\000\056\000\063\122\044\122\053\140\047\133\127\121\170\133\146\116\140}{chapter.2}% 13
\BOOKMARK [1][-]{section.2.4}{\376\377\000\062\000\056\000\064\121\166\116\326\213\364\146\016}{chapter.2}% 14
\BOOKMARK [0][-]{chapter.3}{\376\377\173\054\116\011\172\340\000\040\000\040\127\372\116\216\122\044\122\053\140\047\162\171\137\201\172\172\225\364\133\146\116\140\166\204\131\032\152\041\140\001\150\300\175\042\145\271\154\325}{}% 15
\BOOKMARK [1][-]{section.3.1}{\376\377\000\063\000\056\000\061\137\025\212\000}{chapter.3}% 16
\BOOKMARK [1][-]{section.3.2}{\376\377\000\063\000\056\000\062\127\372\116\216\122\044\122\053\140\047\133\127\121\170\166\204\131\032\152\041\140\001\150\300\175\042}{chapter.3}% 17
\BOOKMARK [1][-]{section.3.3}{\376\377\000\063\000\056\000\063\127\372\116\216\200\046\124\010\133\127\121\170\133\146\116\140\116\016\174\173\150\007\133\371\237\120\166\204\131\032\152\041\140\001\150\300\175\042}{chapter.3}% 18
\BOOKMARK [2][-]{subsection.3.3.1}{\376\377\000\063\000\056\000\063\000\056\000\061\000\111\000\156\000\164\000\162\000\157\000\144\000\165\000\143\000\164\000\151\000\157\000\156}{section.3.3}% 19
\BOOKMARK [2][-]{subsection.3.3.2}{\376\377\000\063\000\056\000\063\000\056\000\062\000\124\000\150\000\145\000\040\000\120\000\162\000\157\000\160\000\157\000\163\000\145\000\144\000\040\000\115\000\157\000\144\000\145\000\154\000\040}{section.3.3}% 20
\BOOKMARK [2][-]{subsection.3.3.3}{\376\377\000\063\000\056\000\063\000\056\000\063\000\101\000\160\000\160\000\154\000\151\000\143\000\141\000\164\000\151\000\157\000\156\000\040\000\164\000\157\000\040\000\103\000\162\000\157\000\163\000\163\000\055\000\115\000\157\000\144\000\141\000\154\000\040\000\122\000\145\000\164\000\162\000\151\000\145\000\166\000\141\000\154}{section.3.3}% 21
\BOOKMARK [2][-]{subsection.3.3.4}{\376\377\000\063\000\056\000\063\000\056\000\064\000\105\000\170\000\160\000\145\000\162\000\151\000\155\000\145\000\156\000\164\000\163}{section.3.3}% 22
\BOOKMARK [1][-]{section.3.4}{\376\377\000\063\000\056\000\064\000\103\000\157\000\156\000\143\000\154\000\165\000\163\000\151\000\157\000\156\000\163}{chapter.3}% 23
\BOOKMARK [0][-]{chapter.4}{\376\377\173\054\126\333\172\340\000\040\000\040\127\372\116\216\122\044\122\053\140\047\133\127\121\170\133\146\116\140\116\016\174\173\150\007\133\371\237\120\166\204\131\032\152\041\140\001\150\300\175\042\145\271\154\325}{}% 24
\BOOKMARK [1][-]{section.4.1}{\376\377\000\064\000\056\000\061\000\120\000\162\000\157\000\142\000\154\000\145\000\155\000\040\000\106\000\157\000\162\000\155\000\165\000\154\000\141\000\164\000\151\000\157\000\156}{chapter.4}% 25
\BOOKMARK [1][-]{section.4.2}{\376\377\000\064\000\056\000\062\000\117\000\160\000\164\000\151\000\155\000\151\000\172\000\141\000\164\000\151\000\157\000\156\000\040\000\101\000\154\000\147\000\157\000\162\000\151\000\164\000\150\000\155}{chapter.4}% 26
\BOOKMARK [2][-]{subsection.4.2.1}{\376\377\000\064\000\056\000\062\000\056\000\061\000\103\000\162\000\157\000\163\000\163\000\055\000\115\000\157\000\144\000\141\000\154\000\040\000\122\000\145\000\164\000\162\000\151\000\145\000\166\000\141\000\154}{section.4.2}% 27
\BOOKMARK [2][-]{subsection.4.2.2}{\376\377\000\064\000\056\000\062\000\056\000\062\000\103\000\157\000\155\000\160\000\165\000\164\000\141\000\164\000\151\000\157\000\156\000\141\000\154\000\040\000\103\000\157\000\155\000\160\000\154\000\145\000\170\000\151\000\164\000\171}{section.4.2}% 28
\BOOKMARK [1][-]{section.4.3}{\376\377\000\064\000\056\000\063\000\105\000\170\000\160\000\145\000\162\000\151\000\155\000\145\000\156\000\164\000\163}{chapter.4}% 29
\BOOKMARK [2][-]{subsection.4.3.1}{\376\377\000\064\000\056\000\063\000\056\000\061\000\104\000\141\000\164\000\141\000\163\000\145\000\164\000\163}{section.4.3}% 30
\BOOKMARK [2][-]{subsection.4.3.2}{\376\377\000\064\000\056\000\063\000\056\000\062\000\105\000\170\000\160\000\145\000\162\000\151\000\155\000\145\000\156\000\164\000\141\000\154\000\040\000\123\000\145\000\164\000\164\000\151\000\156\000\147\000\163}{section.4.3}% 31
\BOOKMARK [2][-]{subsection.4.3.3}{\376\377\000\064\000\056\000\063\000\056\000\063\000\103\000\157\000\155\000\160\000\141\000\162\000\145\000\144\000\040\000\115\000\145\000\164\000\150\000\157\000\144\000\163}{section.4.3}% 32
\BOOKMARK [2][-]{subsection.4.3.4}{\376\377\000\064\000\056\000\063\000\056\000\064\000\120\000\141\000\162\000\141\000\155\000\145\000\164\000\145\000\162\000\040\000\124\000\165\000\156\000\151\000\156\000\147}{section.4.3}% 33
\BOOKMARK [2][-]{subsection.4.3.5}{\376\377\000\064\000\056\000\063\000\056\000\065\000\120\000\145\000\162\000\146\000\157\000\162\000\155\000\141\000\156\000\143\000\145\000\040\000\103\000\157\000\155\000\160\000\141\000\162\000\151\000\163\000\157\000\156}{section.4.3}% 34
\BOOKMARK [0][-]{chapter.5}{\376\377\173\054\116\224\172\340\000\040\000\040\140\073\176\323\116\016\134\125\147\033}{}% 35
\BOOKMARK [1][-]{section.5.1}{\376\377\000\065\000\056\000\061\140\073\176\323}{chapter.5}% 36
\BOOKMARK [1][-]{section.5.2}{\376\377\000\065\000\056\000\062\134\125\147\033}{chapter.5}% 37
\BOOKMARK [1][-]{section.5.3}{\376\377\000\065\000\056\000\063\133\146\117\115\213\272\145\207\166\204\142\123\123\160\060\001\210\305\213\242\211\201\154\102}{chapter.5}% 38
\BOOKMARK [1][-]{section.5.4}{\376\377\000\065\000\056\000\064\121\166\116\326\213\364\146\016}{chapter.5}% 39
\BOOKMARK [0][-]{section*.14}{\376\377\123\302\200\003\145\207\163\056}{}% 40
\BOOKMARK [0][-]{section*.16}{\376\377\201\364\214\042}{}% 41
\BOOKMARK [0][-]{section*.18}{\376\377\117\134\200\005\173\200\116\313}{}% 42
